cityid	cityname
1	北京市
cityid	cityname
7	天津市
cityid	cityname
22	石家庄市
cityid	cityname
14	大连市
cityid	cityname
26	太原市
cityid	cityname
13	青岛市
cityid	cityname
28	西宁市
cityid	cityname
6	武汉市
cityid	cityname
10	西安市
cityid	cityname
17	成都市
cityid	cityname
18	重庆市
cityid	cityname
19	昆明市
cityid	cityname
4	上海市
cityid	cityname
23	苏州市
cityid	cityname
11	南京市
cityid	cityname
20	宁波市
cityid	cityname
5	杭州市
cityid	cityname
85	温州
cityid	cityname
86	金华
cityid	cityname
9	郑州市
cityid	cityname
15	合肥市
cityid	cityname
89	绍兴
cityid	cityname
35	泉州
cityid	cityname
32	厦门
cityid	cityname
34	福州
cityid	cityname
2	深圳市
cityid	cityname
133	惠州市
cityid	cityname
21	东莞市
cityid	cityname
3	广州市
cityid	cityname
24	长沙市
cityid	cityname
36	佛山
