023765872713601218876   1   20170707
023767102315915787198   1   20170707
023777892713601192767   2   20170707
023782550513121210066   1   20170707
023792651313895614036   2   20170707
023798959713910782047   1   20170707
023838245315047225669   2   20170707
023861967115088720318   0   20170707
023883928113311187239   2   20170707
023890414313750801421   2   20170707
023892847313488868965   2   20170707
023912028113031114222   2   20170707
023924117515201371457   2   20170707
023927570513601290762   1   20170707
023952710513071876062   2   20170707
023955936115010289884   2   20170707
023981693513539990134   2   20170707
023983388313021946850     20170707
023989562315321966561   1   20170707
024002696313601189005   2   20170707
024009214115803599996   1   20170707
024012216513681341909   2   20170707
024012510113666635069     20170707
024012867515076299978   1   20170707
024013100913602622551   2   20170707
024020445913581915406   2   20170707
024033583315811067080   2   20170707
024034850513581768616   0   20170707
024039762315888552823   1   20170707
024055175913683621866   2   20170707
024058254915666662169     20170707
024063119313810700563   2   20170707
024076067313910207904   1   20170707
024108450113566483562   0   20170707
024113752513146366052   1   20170707
024115978513910950635   1   20170707
024133097915910344537   1   20170707
024184988515620519937   1   20170707
024194895513701200049   2   20170707
024202096713911677321     20170707
024209014713048049600   2   20170707
024213487315910298733   1   20170707
024267146913902238011   2   20170707
024295241713901322231   1   20170707
024308971515323801969   1   20170707
024323538313922707084   2   20170707
024332229113910782047     20170707
024405289113370162351   1   20170707
024434357913501150790   1   20170707
024439851513641042010   1   20170707
024471336713470193330   1   20170707
024472120313546178274   0   20170707
024474113913656689371   1   20170707
024488609713810802827   2   20170707
024507514313260000892   2   20170707
024523235915699905906   2   20170707
024567643713926261561   2   20170707
024620066113922159044     20170707
024622036513701363558   1   20170707
123749439715058101880   1   20170707
123750636713810016044   2   20170707
123750691513501509872   1   20170707
123751611713911865019   1   20170707
123751750713910862804   1   20170707
123752132115381112726   2   20170707
123752219915515155665   1   20170707
123752953715813334929   1   20170707
123753760715811327210   2   20170707
123753888913546178274   1   20170707
123756282513760653048   2   20170707
123756521113377905582   1   20170707
123756866913521064530   1   20170707
123757766313911012017   2   20170707
123758247513910062266   2   20170707
123759285513928885750   2   20170707
123759352113522488096   1   20170707
123760229713810607521     20170707
123760703315918757935     20170707
123763255713581634669   2   20170707
123765487313811263120   2   20170707
123765872713601218876   2   20170707
123765929315858251299   1   20170707
123766284313801360747   1   20170707
123766509915616651855   2   20170707
123766986713145550056   2   20170707
123767050515876522627   1   20170707
123767102315915787198   2   20170707
123769021913520279338   1   20170707
123770417515906615595     20170707
123771131913701158208   1   20170707
123772461313810491070   1   20170707
123773406113601065480   1   20170707
123774222713922159044   2   20170707
123774735313582889056     20170707
123776197713430227849   1   20170707
123776435713602702228   2   20170707
123776861315888810820   1   20170707
123777428115210900728   2   20170707
123777892713601192767   1   20170707
123779057113910062266     20170707
123779179913556084300   2   20170707
123779414113582889056     20170707
123780356713911012017   1   20170707
123780634313810090879     20170707
123782550513121210066   2   20170707
123783547513830465875   1   20170707
123783688513601218876   1   20170707
123783833913810090879     20170707
123783838513810134976   1   20170707
123784218313660066079   2   20170707
123784294713810090879   1   20170707
123784814113830465875     20170707
123785436113522914180     20170707
123785944513710999557   1   20170707
123786119715888810820     20170707
123786359915001101725   2   20170707
123786825713756238888   2   20170707
123787126715210011141   2   20170707
123787185113810333510   2   20170707
123787448715001101725     20170707
123788585513641252075   1   20170707
123788828713582889056   1   20170707
123789560113717959830   2   20170707
123790473913681434132   2   20170707
123792651313895614036   2   20170707
123793193713716181965   1   20170707
123793350913436320049   1   20170707
123794871713582889056     20170707
123794909313910522292   2   20170707
123795536715068776098   1   20170707
123795620913370188523   2   20170707
123796296713701268878   2   20170707
123798303713811243560   1   20170707
123798959713910782047   1   20170707
123799632913646855995   2   20170707
123801009915267055504   2   20170707
123803897113001163002   1   20170707
123805156113501147457   2   20170707
123806008313777359318   2   20170707
123806378713301092111   1   20170707
123807866115201028563   2   20170707
123808124913661092232   1   20170707
123808369315652539221   2   20170707
123810380915810960628   2   20170707
123812818913810820314   1   20170707
123813851113552024689     20170707
123814066913810558471   1   20170707
123814159913588229518   2   20170707
123814410315811107952   2   20170707
123814724513811652118   2   20170707
123814865513910990508   0   20170707
123814883113810807525   2   20170707
123815314313552077345   2   20170707
123816007513801235527   2   20170707
123816853313716895497   1   20170707
123817081513811277310   2   20170707
123817227115001147655   2   20170707
123817392113811532178   2   20170707
123818120513521706260   1   20170707
123818518715104535134   1   20170707
123819670913829732663   1   20170707
123820815713552497303   1   20170707
123820875713520461189   2   20170707
123821143113811186668   2   20170707
123821862515201504228   2   20170707
123822401313521202701   1   20170707
123823242715611577126   1   20170707
123823596313520461189     20170707
123825013913901323203   2   20170707
123825109913533449996   2   20170707
123825956713552557237   1   20170707
123827043113651063773   2   20170707
123827521113488713664   1   20170707
123828656113611296268   1   20170707
123828730713501171628   2   20170707
