023765872713601218876   1   20020202
023782550513121210066   1   20020202
023883928113311187239   2   20020202
023890414313750801421   2   20020202
023927570513601290762   1   20020202
023952710513071876062   2   20020202
023981693513539990134   2   20020202
023983388313021946850     20020202
024012510113666635069     20020202
024020445913581915406   2   20020202
024034850513581768616   0   20020202
024113752513146366052   1   20020202
024194895513701200049   2   20020202
024209014713048049600   2   20020202
024434357913501150790   1   20020202
024439851513641042010   1   20020202
024471336713470193330   1   20020202
024472120313546178274   0   20020202
024474113913656689371   1   20020202
024507514313260000892   2   20020202
024622036513701363558   1   20020202
123750691513501509872   1   20020202
123753888913546178274   1   20020202
123756521113377905582   1   20020202
123756866913521064530   1   20020202
123759352113522488096   1   20020202
123763255713581634669   2   20020202
123765872713601218876   2   20020202
123766986713145550056   2   20020202
123769021913520279338   1   20020202
123771131913701158208   1   20020202
123773406113601065480   1   20020202
123774735313582889056     20020202
123776197713430227849   1   20020202
123776435713602702228   2   20020202
123779179913556084300   2   20020202
123779414113582889056     20020202
123782550513121210066   2   20020202
123783688513601218876   1   20020202
123785436113522914180     20020202
123785944513710999557   1   20020202
123788585513641252075   1   20020202
123788828713582889056   1   20020202
123789560113717959830   2   20020202
123790473913681434132   2   20020202
123793193713716181965   1   20020202
123793350913436320049   1   20020202
123794871713582889056     20020202
123795620913370188523   2   20020202
123796296713701268878   2   20020202
123799632913646855995   2   20020202
123803897113001163002   1   20020202
123805156113501147457   2   20020202
123806378713301092111   1   20020202
123808124913661092232   1   20020202
123813851113552024689     20020202
123814159913588229518   2   20020202
123815314313552077345   2   20020202
123816853313716895497   1   20020202
123818120513521706260   1   20020202
123820815713552497303   1   20020202
123820875713520461189   2   20020202
123822401313521202701   1   20020202
123823596313520461189     20020202
123825109913533449996   2   20020202
123825956713552557237   1   20020202
123827043113651063773   2   20020202
123827521113488713664   1   20020202
123828656113611296268   1   20020202
123828730713501171628   2   20020202
123830471713693130843   1   20020202
123830864913605808304   2   20020202
123831439113625716689   1   20020202
123833189313728059704   1   20020202
123833234513521202701   2   20020202
123834318713381028929   1   20020202
123838065113311021192   2   20020202
123840450513301395114   2   20020202
123841189513606521794   1   20020202
123845943513701158208     20020202
123846536913552824789   1   20020202
123850479113501067591   2   20020202
123851971113522914180     20020202
123853863513701139821   1   20020202
123855075313535266744   2   20020202
123855086713718447090   1   20020202
123855233113456820508   1   20020202
123856112513710130034   2   20020202
123857052913706514927   2   20020202
123857366713522914180   2   20020202
123858815513488689880   2   20020202
123860039113520905060   2   20020202
123862167913416102903   1   20020202
123865092913699135976   2   20020202
123865895113683189665   1   20020202
123868010913515761723   2   20020202
123870174113381251082   2   20020202
123870769113168883048   1   20020202
123873726713552024689   1   20020202
123874439513388600983   2   20020202
123876595713716820764   1   20020202
123876959513750899902   1   20020202
123883928113311187239   2   20020202
123884450913552024689   1   20020202
123888192113588178108   1   20020202
123888350913661311823     20020202
123888939113661102945   2   20020202
123889618913590431845   1   20020202
123890414313750801421   1   20020202
123892938113717794998     20020202
123892985513581993403   2   20020202
123898553113581882013   1   20020202
123898558713416190803   2   20020202
123900951313552127883   2   20020202
123902288513521357999   1   20020202
123905919913381070596   1   20020202
123906215713436301596   1   20020202
123906487513710882500   2   20020202
123907044113581860245   1   20020202
123908261913625716689   2   20020202
123908649313681502016   1   20020202
123908714113720092898   1   20020202
123908918913718916968   2   20020202
123910669913717636118   1   20020202
123915474113521982932   1   20020202
123916026113552319373   1   20020202
123918566913161422027   2   20020202
123920260713041163117   2   20020202
123926403313701294132   1   20020202
123926936113560240759   1   20020202
123927570513601290762   2   20020202
123929209913602702228     20020202
123931478313681159248   1   20020202
123933153113683515930   1   20020202
123934712913631493907   2   20020202
123936326713701023922   1   20020202
123937465313141437855   2   20020202
123937954713581902011   2   20020202
123942016113650815895     20020202
123942761113520007214   1   20020202
123944514313632386128   1   20020202
123945991313161606197   2   20020202
123947197313671191029   2   20020202
123947292713621177898   2   20020202
123949156913560024033   2   20020202
123950290713735841290   2   20020202
123951912313515715904   1   20020202
123952710513071876062   2   20020202
123953411113701372750   1   20020202
123954898113512822094   2   20020202
123959739913552158576   1   20020202
123960001313552655916   1   20020202
123960050313702965971   2   20020202
123960988513261997535   2   20020202
123961096513717794998   2   20020202
123961159313436592328   2   20020202
123966557313023651482   2   20020202
123972457713691437790   2   20020202
123975411313521982932   2   20020202
123975716913735841290     20020202
123975899113691163332   1   20020202
123976640513711403720   2   20020202
123977453313436592328   1   20020202
123979604713146277561   1   20020202
123979630313622817383   2   20020202
123980171113693130843   2   20020202
123980556913470193330     20020202
123980665713738022169   2   20020202
123981677913552024689   1   20020202
123981693513539990134   2   20020202
123983388313021946850     20020202
123985512313520007595   1   20020202
123986818713682278803   1   20020202
123990444313426018067   1   20020202
123991849113606613093   1   20020202
123994694113552685955   1   20020202
123995561513699206296   1   20020202
123996451713681159248     20020202
123997153713646855995   2   20020202
123998753513500002993   2   20020202
124000942913641264381   1   20020202
124002814113676200985   2   20020202
124003102313439294355   2   20020202
124005527713370188523   1   20020202
124005790113711180655   2   20020202
124006898513701023922   2   20020202
124008312913671375508   1   20020202
124008390713570380783   1   20020202
124008927713436592328     20020202
124010180713535292997   2   20020202
124012510113666635069     20020202
124014090913600532317   2   20020202
124017148313336135881   2   20020202
124017240513600532317   2   20020202
124017249113581882013   1   20020202
124017565313602230409   2   20020202
124019091313611361050   1   20020202
124020132713661311823   1   20020202
124020445913581915406   1   20020202
124020575513439294355   1   20020202
124022208113671010870   2   20020202
124023966113381251082     20020202
124025650713021946850   1   20020202
124026467113580551073   1   20020202
124026803513720062235   2   20020202
124028130513735841290     20020202
124029991113650815895   2   20020202
124031011513691040203   1   20020202
124032691113516770800   1   20020202
124034749113141437855     20020202
124034850513581768616   2   20020202
124035458313552685955     20020202
124036036113418191649   2   20020202
124038733113606806746   1   20020202
124040566113631452303   0   20020202
124041668313037205840   1   20020202
124043249313570572897   2   20020202
124047826713501385150   1   20020202
124048238913716409221   2   20020202
124050001713381251082   1   20020202
124050129113521882228   1   20020202
124053269313666635069   2   20020202
124054820713641055156   1   20020202
124056001913580551073     20020202
124056173713071876062     20020202
124060706513552024689     20020202
124061338513581634669     20020202
124062307113682282100   1   20020202
124062557513552687473   2   20020202
124063490513126883769   2   20020202
124063517313396581799   2   20020202
124063825913520007595   2   20020202
124065213113269644208   1   20020202
124065617113011259678   2   20020202
124070124313546178274     20020202
124072964513141437855   2   20020202
124104907713711403720     20020202
124106266513370188523   1   20020202
124113752513146366052   0   20020202
124125362713370188523     20020202
124139281913701268878   2   20020202
124142998113661311823   1   20020202
124168244713611361050     20020202
124181053113650815895   2   20020202
124182791313381251082   1   20020202
124184953913581768616     20020202
124193332913161606197     20020202
124194895513701200049   1   20020202
124209014713048049600   1   20020202
124214797913436592328     20020202
124229801113552685955   1   20020202
124232395713396581799   2   20020202
124235327113681159248   2   20020202
124236453313023651482     20020202
124242545713581902011     20020202
124249528513269644208     20020202
124251875313641055156   2   20020202
124257724513681502016     20020202
124261367313439294355     20020202
124272801913600532317     20020202
124285379313023651482     20020202
124293669913606613093     20020202
124310016113520279338   2   20020202
124321698513681502016     20020202
124322623713611296268   2   20020202
124338778913601218876   2   20020202
124340488113650815895     20020202
124391942313521202701   2   20020202
124392649713606613093     20020202
124409750313439294355     20020202
124419739713146277561   2   20020202
124429063713683515930   2   20020202
124434357913501150790   2   20020202
124439375513023651482     20020202
124439851513641042010   1   20020202
124443242313556084300     20020202
124448466513661092232     20020202
124459186113381251082     20020202
124459977313311187239   2   20020202
124471336713470193330   1   20020202
124472120313546178274     20020202
124474113913656689371   2   20020202
124474283513552127883     20020202
124475619313488689880   1   20020202
124495906713661102945   2   20020202
124500213713145550056     20020202
124507514313260000892   2   20020202
124508459713601290762   2   20020202
124511372313416102903   2   20020202
124516871313260000892   2   20020202
124534060513141437855     20020202
124536779313023651482     20020202
124539209913301092111     20020202
124539870313701372750   2   20020202
124542238713370188523   1   20020202
124556277913611296268     20020202
124562392113439294355     20020202
124592617313671010870     20020202
124599186513641252075   1   20020202
124600229713718447090     20020202
124607331913717636118     20020202
124612039113546178274     20020202
124618650913121210066     20020202
124622036513701363558   2   20020202
124637447913522488096     20020202
124655519913546178274     20020202
124657460113520279338   2   20020202
124670502713552319373   1   20020202
124673972113581902011     20020202
